============================================================
  Generated by:           Genus(TM) Synthesis Solution 21.12-s068_1
  Generated on:           Apr 10 2024  09:40:44 pm
  Module:                 neural_nw_inference
  Technology library:     slow_vdd1v0 1.0
  Operating conditions:   PVT_0P9V_125C (balanced_tree)
  Wireload mode:          enclosed
  Area mode:              timing library
============================================================

Timing
--------

Clock  Period 
--------------
clk   20000.0 


  Cost    Critical         Violating 
 Group   Path Slack  TNS     Paths   
-------------------------------------
clk         18755.3   0.0          0 
default    No paths   0.0            
-------------------------------------
Total                 0.0          0 

Instance Count
--------------
Leaf Instance Count             35507 
Physical Instance count             0 
Sequential Instance Count        9024 
Combinational Instance Count    26483 
Hierarchical Instance Count         0 

Area
----
Cell Area                          106911.594
Physical Cell Area                 0.000
Total Cell Area (Cell+Physical)    106911.594
Net Area                           0.000
Total Area (Cell+Physical+Net)     106911.594

Max Fanout                         9024 (clk)
Min Fanout                         1 (n_1)
Average Fanout                     3.1
Terms to net ratio                 4.0939
Terms to instance ratio            3.8667
Runtime                            2247.597837 seconds
Elapsed Runtime                    2284 seconds
Genus peak memory usage            5686.98 
Innovus peak memory usage          no_value 
Hostname                           ip-172-31-28-96.ap-south-1.compute.internal
